beauty/build/outputs/logs/manifest-merger-debug-report.txt
-- Merging decision tree log ---
manifest
ADDED from src/main/AndroidManifest.xml:2:1-77:12
	package
		ADDED from src/main/AndroidManifest.xml:3:5-32
		INJECTED from src/main/AndroidManifest.xml
		INJECTED from src/main/AndroidManifest.xml
	android:versionName
		ADDED from src/main/AndroidManifest.xml:5:5-30
		INJECTED from src/main/AndroidManifest.xml
		INJECTED from src/main/AndroidManifest.xml
	android:versionCode
		ADDED from src/main/AndroidManifest.xml:4:5-28
		INJECTED from src/main/AndroidManifest.xml
		INJECTED from src/main/AndroidManifest.xml
	xmlns:android
		ADDED from src/main/AndroidManifest.xml:2:11-69
uses-sdk
ADDED from src/main/AndroidManifest.xml:7:5-9:41
MERGED from [com.android.support:support-v4:23.0.0] AndroidManifest.xml:20:5-43
MERGED from [com.uwetrottmann.photoview:library:1.2.4] AndroidManifest.xml:7:5-9:41
MERGED from [com.android.support:support-v4:23.0.0] AndroidManifest.xml:20:5-43
MERGED from [Beauty:bannerlibrary:unspecified] AndroidManifest.xml:7:5-9:41
MERGED from [com.android.support:appcompat-v7:22.2.0] AndroidManifest.xml:20:5-43
MERGED from [com.android.support:support-v4:23.0.0] AndroidManifest.xml:20:5-43
	android:targetSdkVersion
		ADDED from src/main/AndroidManifest.xml:9:9-38
		INJECTED from src/main/AndroidManifest.xml
		INJECTED from src/main/AndroidManifest.xml
	android:minSdkVersion
		ADDED from src/main/AndroidManifest.xml:8:9-35
		INJECTED from src/main/AndroidManifest.xml
		INJECTED from src/main/AndroidManifest.xml
uses-permission#android.permission.SET_WALLPAPER
ADDED from src/main/AndroidManifest.xml:11:5-72
	android:name
		ADDED from src/main/AndroidManifest.xml:11:22-69
uses-permission#android.permission.READ_PHONE_STATE
ADDED from src/main/AndroidManifest.xml:12:5-75
	android:name
		ADDED from src/main/AndroidManifest.xml:12:22-72
uses-permission#android.permission.INTERNET
ADDED from src/main/AndroidManifest.xml:13:5-66
	android:name
		ADDED from src/main/AndroidManifest.xml:13:22-64
uses-permission#android.permission.ACCESS_NETWORK_STATE
ADDED from src/main/AndroidManifest.xml:15:2-75
	android:name
		ADDED from src/main/AndroidManifest.xml:15:19-73
uses-permission#android.permission.ACCESS_WIFI_STATE
ADDED from src/main/AndroidManifest.xml:16:2-72
	android:name
		ADDED from src/main/AndroidManifest.xml:16:19-70
uses-permission#android.permission.WRITE_EXTERNAL_STORAGE
ADDED from src/main/AndroidManifest.xml:17:2-77
	android:name
		ADDED from src/main/AndroidManifest.xml:17:19-75
uses-permission#android.permission.READ_EXTERNAL_STORAGE
ADDED from src/main/AndroidManifest.xml:18:2-76
	android:name
		ADDED from src/main/AndroidManifest.xml:18:19-74
uses-permission#android.permission.ACCESS_FINE_LOCATION
ADDED from src/main/AndroidManifest.xml:19:2-75
	android:name
		ADDED from src/main/AndroidManifest.xml:19:19-73
uses-permission#android.permission.GET_TASKS
ADDED from src/main/AndroidManifest.xml:20:2-64
	android:name
		ADDED from src/main/AndroidManifest.xml:20:19-62
uses-permission#android.permission.WAKE_LOCK
ADDED from src/main/AndroidManifest.xml:21:2-64
	android:name
		ADDED from src/main/AndroidManifest.xml:21:19-62
uses-permission#android.permission.SYSTEM_ALERT_WINDOW
ADDED from src/main/AndroidManifest.xml:22:5-78
	android:name
		ADDED from src/main/AndroidManifest.xml:22:22-75
application
ADDED from src/main/AndroidManifest.xml:23:5-75:19
MERGED from [Beauty:waterFallListView:unspecified] AndroidManifest.xml:5:5-20
MERGED from [com.android.support:support-v4:23.0.0] AndroidManifest.xml:22:5-20
MERGED from [com.android.support:support-v4:23.0.0] AndroidManifest.xml:22:5-20
MERGED from [Beauty:bannerlibrary:unspecified] AndroidManifest.xml:11:5-15:19
MERGED from [com.android.support:appcompat-v7:22.2.0] AndroidManifest.xml:22:5-20
MERGED from [com.android.support:support-v4:23.0.0] AndroidManifest.xml:22:5-20
	android:label
		ADDED from src/main/AndroidManifest.xml:27:9-41
	android:supportsRtl
		ADDED from [Beauty:bannerlibrary:unspecified] AndroidManifest.xml:14:9-35
	android:allowBackup
		ADDED from src/main/AndroidManifest.xml:25:9-35
	android:icon
		ADDED from src/main/AndroidManifest.xml:26:9-42
	android:name
		ADDED from src/main/AndroidManifest.xml:24:9-38
activity#com.guider.beauty.activity.MainActivity
ADDED from src/main/AndroidManifest.xml:28:9-36:20
	android:label
		ADDED from src/main/AndroidManifest.xml:30:13-45
	android:name
		ADDED from src/main/AndroidManifest.xml:29:13-50
intent-filter#android.intent.action.MAIN+android.intent.category.LAUNCHER
ADDED from src/main/AndroidManifest.xml:31:13-35:29
action#android.intent.action.MAIN
ADDED from src/main/AndroidManifest.xml:32:17-69
	android:name
		ADDED from src/main/AndroidManifest.xml:32:25-66
category#android.intent.category.LAUNCHER
ADDED from src/main/AndroidManifest.xml:34:17-77
	android:name
		ADDED from src/main/AndroidManifest.xml:34:27-74
activity#com.guider.beauty.activity.BigImageActivity
ADDED from src/main/AndroidManifest.xml:37:9-40:20
	android:launchMode
		ADDED from src/main/AndroidManifest.xml:39:13-48
	android:name
		ADDED from src/main/AndroidManifest.xml:38:13-54
activity#com.guider.beauty.activity.SettingActivity
ADDED from src/main/AndroidManifest.xml:41:9-44:20
	android:launchMode
		ADDED from src/main/AndroidManifest.xml:43:13-44
	android:name
		ADDED from src/main/AndroidManifest.xml:42:13-53
activity#com.guider.beauty.activity.AboutUsActivity
ADDED from src/main/AndroidManifest.xml:45:9-46:20
	android:name
		ADDED from src/main/AndroidManifest.xml:45:19-59
meta-data#UMENG_APPKEY
ADDED from src/main/AndroidManifest.xml:48:9-51:21
	android:value
		ADDED from src/main/AndroidManifest.xml:50:13-53
	android:name
		ADDED from src/main/AndroidManifest.xml:49:13-40
meta-data#UMENG_CHANNEL
ADDED from src/main/AndroidManifest.xml:52:9-55:21
	android:value
		ADDED from src/main/AndroidManifest.xml:54:13-34
	android:name
		ADDED from src/main/AndroidManifest.xml:53:13-41
activity#com.umeng.update.UpdateDialogActivity
ADDED from src/main/AndroidManifest.xml:57:9-60:20
	android:theme
		ADDED from src/main/AndroidManifest.xml:59:13-72
	android:name
		ADDED from src/main/AndroidManifest.xml:58:13-65
activity#com.umeng.fb.ConversationActivity
ADDED from src/main/AndroidManifest.xml:61:9-63:63
	android:theme
		ADDED from src/main/AndroidManifest.xml:63:13-60
	android:name
		ADDED from src/main/AndroidManifest.xml:62:13-61
activity#com.umeng.fb.ContactActivity
ADDED from src/main/AndroidManifest.xml:64:9-66:63
	android:theme
		ADDED from src/main/AndroidManifest.xml:66:13-60
	android:name
		ADDED from src/main/AndroidManifest.xml:65:13-56
service#com.iflytek.voiceads.update.DownloadService
ADDED from src/main/AndroidManifest.xml:67:9-78
	android:name
		ADDED from src/main/AndroidManifest.xml:67:18-76
activity#com.iflytek.voiceads.request.IFLYBrowser
ADDED from src/main/AndroidManifest.xml:68:3-69:52
	android:screenOrientation
		ADDED from src/main/AndroidManifest.xml:69:13-49
	android:name
		ADDED from src/main/AndroidManifest.xml:68:13-68
meta-data#IFLYTEK_APPKEY_AD
ADDED from src/main/AndroidManifest.xml:70:9-80
	android:value
		ADDED from src/main/AndroidManifest.xml:70:54-78
	android:name
		ADDED from src/main/AndroidManifest.xml:70:21-53
service#com.umeng.update.net.DownloadingService
ADDED from src/main/AndroidManifest.xml:71:9-74:19
	android:process
		ADDED from src/main/AndroidManifest.xml:73:13-50
	android:name
		ADDED from src/main/AndroidManifest.xml:72:13-67